[2026-01-31T01:08:18.975+0000] {local_task_job_runner.py:120} INFO - ::group::Pre task execution logs
[2026-01-31T01:08:19.002+0000] {taskinstance.py:2076} INFO - Dependencies all met for dep_context=non-requeueable deps ti=<TaskInstance: etl_dw_dag.load manual__2026-01-31T01:08:09.941685+00:00 [queued]>
[2026-01-31T01:08:19.007+0000] {taskinstance.py:2076} INFO - Dependencies all met for dep_context=requeueable deps ti=<TaskInstance: etl_dw_dag.load manual__2026-01-31T01:08:09.941685+00:00 [queued]>
[2026-01-31T01:08:19.007+0000] {taskinstance.py:2306} INFO - Starting attempt 1 of 1
[2026-01-31T01:08:19.017+0000] {taskinstance.py:2330} INFO - Executing <Task(BashOperator): load> on 2026-01-31 01:08:09.941685+00:00
[2026-01-31T01:08:19.026+0000] {logging_mixin.py:188} WARNING - /home/***/.local/lib/python3.12/site-packages/***/task/task_runner/standard_task_runner.py:62 DeprecationWarning: This process (pid=277) is multi-threaded, use of fork() may lead to deadlocks in the child.
[2026-01-31T01:08:19.024+0000] {standard_task_runner.py:90} INFO - Running: ['***', 'tasks', 'run', 'etl_dw_dag', 'load', 'manual__2026-01-31T01:08:09.941685+00:00', '--job-id', '6', '--raw', '--subdir', 'DAGS_FOLDER/etl_dw_dag.py', '--cfg-path', '/tmp/tmp3zy1aa7m']
[2026-01-31T01:08:19.026+0000] {standard_task_runner.py:64} INFO - Started process 278 to run task
[2026-01-31T01:08:19.027+0000] {standard_task_runner.py:91} INFO - Job 6: Subtask load
[2026-01-31T01:08:19.067+0000] {task_command.py:426} INFO - Running <TaskInstance: etl_dw_dag.load manual__2026-01-31T01:08:09.941685+00:00 [running]> on host d9530d838c58
[2026-01-31T01:08:19.136+0000] {taskinstance.py:2648} INFO - Exporting env vars: AIRFLOW_CTX_DAG_OWNER='***' AIRFLOW_CTX_DAG_ID='etl_dw_dag' AIRFLOW_CTX_TASK_ID='load' AIRFLOW_CTX_EXECUTION_DATE='2026-01-31T01:08:09.941685+00:00' AIRFLOW_CTX_TRY_NUMBER='1' AIRFLOW_CTX_DAG_RUN_ID='manual__2026-01-31T01:08:09.941685+00:00'
[2026-01-31T01:08:19.137+0000] {taskinstance.py:430} INFO - ::endgroup::
[2026-01-31T01:08:19.147+0000] {subprocess.py:63} INFO - Tmp dir root location: /tmp
[2026-01-31T01:08:19.148+0000] {subprocess.py:75} INFO - Running command: ['/usr/bin/bash', '-c', 'python /opt/***/src/load.py']
[2026-01-31T01:08:19.157+0000] {subprocess.py:86} INFO - Output:
[2026-01-31T01:08:19.964+0000] {subprocess.py:93} INFO - Leyendo archivos desde: /opt/***/data
[2026-01-31T01:08:19.964+0000] {subprocess.py:93} INFO - 
[2026-01-31T01:08:19.965+0000] {subprocess.py:93} INFO - === CATALOG ===
[2026-01-31T01:08:19.965+0000] {subprocess.py:93} INFO - shape: (6767, 7)
[2026-01-31T01:08:19.965+0000] {subprocess.py:93} INFO - cols: ['ID', 'INV', 'DATE', 'CATALOG', 'PCODE', 'QTY', 'custnum']
[2026-01-31T01:08:19.966+0000] {subprocess.py:93} INFO -    ID       INV              DATE    CATALOG   PCODE   QTY  custnum
[2026-01-31T01:08:19.966+0000] {subprocess.py:93} INFO - 0   1  107707.0   3/97/7 00:00:00     Sports  SP1000  1.00   1242.0
[2026-01-31T01:08:19.966+0000] {subprocess.py:93} INFO - 1   2  110633.0  3/97/25 00:00:00  Gardening  GD2200  1.00   1243.0
[2026-01-31T01:08:19.966+0000] {subprocess.py:93} INFO - 2   3  111155.0  3/97/28 00:00:00       Pets  PT1300  3.00   1244.0
[2026-01-31T01:08:19.967+0000] {subprocess.py:93} INFO - 3   4  126867.0  6/97/22 00:00:00       Toys  TY4100  1.00   1245.0
[2026-01-31T01:08:19.967+0000] {subprocess.py:93} INFO - 4   5  135872.0   8/97/8 00:00:00       Toys  TY1200  4.00   1246.0
[2026-01-31T01:08:19.967+0000] {subprocess.py:93} INFO - 
[2026-01-31T01:08:19.967+0000] {subprocess.py:93} INFO - === WEB ===
[2026-01-31T01:08:19.968+0000] {subprocess.py:93} INFO - shape: (943, 7)
[2026-01-31T01:08:19.968+0000] {subprocess.py:93} INFO - cols: ['ID', 'INV', 'PCODE', 'DATE', 'CATALOG', 'QTY', 'custnum']
[2026-01-31T01:08:19.968+0000] {subprocess.py:93} INFO -    ID        INV   PCODE                 DATE    CATALOG  QTY          custnum
[2026-01-31T01:08:19.968+0000] {subprocess.py:93} INFO - 0   1  2513000.0  GD3200  17/12/2000 00:00:00  Gardening  3.0  Rifkin, Mr. Bob
[2026-01-31T01:08:19.969+0000] {subprocess.py:93} INFO - 1   2  2513000.0  PT1400    6/1/2001 00:00:00       Pets  1.0  Rifkin, Mr. Bob
[2026-01-31T01:08:19.969+0000] {subprocess.py:93} INFO - 2   3  2513000.0  PT2000    6/1/2001 00:00:00        Pet  1.0  Rifkin, Mr. Bob
[2026-01-31T01:08:19.969+0000] {subprocess.py:93} INFO - 3   4  2513000.0  PT2100    6/1/2001 00:00:00       Pets  1.0  Rifkin, Mr. Bob
[2026-01-31T01:08:19.969+0000] {subprocess.py:93} INFO - 4   5  2513000.0  PT2OOO   27/7/2000 00:00:00       Pets  4.0  Rifkin, Mr. Bob
[2026-01-31T01:08:19.970+0000] {subprocess.py:93} INFO - 
[2026-01-31T01:08:19.970+0000] {subprocess.py:93} INFO - === PRODUCTS ===
[2026-01-31T01:08:19.970+0000] {subprocess.py:93} INFO - shape: (192, 7)
[2026-01-31T01:08:19.971+0000] {subprocess.py:93} INFO - cols: ['ID', 'TYPE', 'DESCRIP', 'PRICE', 'COST', 'PCODE', 'supplier']
[2026-01-31T01:08:19.971+0000] {subprocess.py:93} INFO -    ID       TYPE  ...   PCODE                supplier
[2026-01-31T01:08:19.971+0000] {subprocess.py:93} INFO - 0   1   Database  ...  SW1005  Software America, Inc.
[2026-01-31T01:08:19.971+0000] {subprocess.py:93} INFO - 1   2   Database  ...  SW1207        Software America
[2026-01-31T01:08:19.971+0000] {subprocess.py:93} INFO - 2   3   Database  ...  SW3049        Software America
[2026-01-31T01:08:19.972+0000] {subprocess.py:93} INFO - 3   4  Financial  ...  SW2842        Software America
[2026-01-31T01:08:19.972+0000] {subprocess.py:93} INFO - 4   5  Financial  ...  SW4187        Software America
[2026-01-31T01:08:19.972+0000] {subprocess.py:93} INFO - 
[2026-01-31T01:08:19.972+0000] {subprocess.py:93} INFO - [5 rows x 7 columns]
[2026-01-31T01:08:19.973+0000] {subprocess.py:93} INFO - 
[2026-01-31T01:08:19.973+0000] {subprocess.py:93} INFO - 
[2026-01-31T01:08:19.973+0000] {subprocess.py:93} INFO - === TRANSFORM REPORT ===
[2026-01-31T01:08:19.973+0000] {subprocess.py:93} INFO - 
[2026-01-31T01:08:19.974+0000] {subprocess.py:93} INFO - CATALOG únicos (Catalog_Orders):
[2026-01-31T01:08:19.974+0000] {subprocess.py:93} INFO - CATALOG
[2026-01-31T01:08:19.974+0000] {subprocess.py:93} INFO - Sports          1952
[2026-01-31T01:08:19.974+0000] {subprocess.py:93} INFO - Pets            1704
[2026-01-31T01:08:19.975+0000] {subprocess.py:93} INFO - Toys            1393
[2026-01-31T01:08:19.975+0000] {subprocess.py:93} INFO - Gardening        958
[2026-01-31T01:08:19.975+0000] {subprocess.py:93} INFO - Software         577
[2026-01-31T01:08:19.975+0000] {subprocess.py:93} INFO - Collectibles     181
[2026-01-31T01:08:19.976+0000] {subprocess.py:93} INFO - Nan                2
[2026-01-31T01:08:19.976+0000] {subprocess.py:93} INFO - Name: count, dtype: int64
[2026-01-31T01:08:19.976+0000] {subprocess.py:93} INFO - 
[2026-01-31T01:08:19.976+0000] {subprocess.py:93} INFO - CATALOG únicos (Web_Orders):
[2026-01-31T01:08:19.977+0000] {subprocess.py:93} INFO - CATALOG
[2026-01-31T01:08:19.977+0000] {subprocess.py:93} INFO - Sports       340
[2026-01-31T01:08:19.977+0000] {subprocess.py:93} INFO - Toys         237
[2026-01-31T01:08:19.977+0000] {subprocess.py:93} INFO - Gardening    193
[2026-01-31T01:08:19.978+0000] {subprocess.py:93} INFO - Pets         173
[2026-01-31T01:08:19.978+0000] {subprocess.py:93} INFO - Name: count, dtype: int64
[2026-01-31T01:08:19.978+0000] {subprocess.py:93} INFO - 
[2026-01-31T01:08:19.978+0000] {subprocess.py:93} INFO - Nulos después de limpieza:
[2026-01-31T01:08:19.979+0000] {subprocess.py:93} INFO - Catalog QTY nulos: 7
[2026-01-31T01:08:19.979+0000] {subprocess.py:93} INFO - Web QTY nulos: 3
[2026-01-31T01:08:19.979+0000] {subprocess.py:93} INFO - Catalog DATE nulos: 0
[2026-01-31T01:08:19.979+0000] {subprocess.py:93} INFO - Web DATE nulos: 0
[2026-01-31T01:08:19.980+0000] {subprocess.py:93} INFO - 
[2026-01-31T01:08:19.980+0000] {subprocess.py:93} INFO - === INTEGRATION REPORT ===
[2026-01-31T01:08:19.980+0000] {subprocess.py:93} INFO - dim_product: (192, 7)
[2026-01-31T01:08:19.980+0000] {subprocess.py:93} INFO - dim_category: (7, 2)
[2026-01-31T01:08:19.981+0000] {subprocess.py:93} INFO - dim_channel: (2, 2)
[2026-01-31T01:08:19.981+0000] {subprocess.py:93} INFO - dim_customer: (3330, 4)
[2026-01-31T01:08:19.981+0000] {subprocess.py:93} INFO - dim_date: (1350, 5)
[2026-01-31T01:08:19.981+0000] {subprocess.py:93} INFO - fact_sales: (7710, 11)
[2026-01-31T01:08:19.981+0000] {subprocess.py:93} INFO - 
[2026-01-31T01:08:19.982+0000] {subprocess.py:93} INFO - Fact_sales nulos (por columna):
[2026-01-31T01:08:19.982+0000] {subprocess.py:93} INFO - fact_id           0
[2026-01-31T01:08:19.982+0000] {subprocess.py:93} INFO - date_key          0
[2026-01-31T01:08:19.982+0000] {subprocess.py:93} INFO - product_key      51
[2026-01-31T01:08:19.983+0000] {subprocess.py:93} INFO - customer_key      0
[2026-01-31T01:08:19.983+0000] {subprocess.py:93} INFO - category_key      0
[2026-01-31T01:08:19.983+0000] {subprocess.py:93} INFO - channel_key       0
[2026-01-31T01:08:19.983+0000] {subprocess.py:93} INFO - inv               0
[2026-01-31T01:08:19.984+0000] {subprocess.py:93} INFO - qty              10
[2026-01-31T01:08:19.984+0000] {subprocess.py:93} INFO - sales_amount     61
[2026-01-31T01:08:19.984+0000] {subprocess.py:93} INFO - cost_amount      61
[2026-01-31T01:08:19.984+0000] {subprocess.py:93} INFO - margin_amount    61
[2026-01-31T01:08:19.985+0000] {subprocess.py:93} INFO - dtype: int64
[2026-01-31T01:08:19.985+0000] {subprocess.py:93} INFO - 
[2026-01-31T01:08:19.985+0000] {subprocess.py:93} INFO - Primeras filas de fact_sales:
[2026-01-31T01:08:19.985+0000] {subprocess.py:93} INFO -    fact_id  date_key  product_key  ...  sales_amount  cost_amount  margin_amount
[2026-01-31T01:08:19.986+0000] {subprocess.py:93} INFO - 0        1  19970307         84.0  ...         26.00        13.00           13.0
[2026-01-31T01:08:19.986+0000] {subprocess.py:93} INFO - 1        2  19970325         76.0  ...         14.00         6.00            8.0
[2026-01-31T01:08:19.986+0000] {subprocess.py:93} INFO - 2        3  19970328        107.0  ...         24.00         9.00           15.0
[2026-01-31T01:08:19.986+0000] {subprocess.py:93} INFO - 3        4  19970622        180.0  ...         26.99        21.69            5.3
[2026-01-31T01:08:19.987+0000] {subprocess.py:93} INFO - 4        5  19970808        154.0  ...        110.36        73.36           37.0
[2026-01-31T01:08:19.987+0000] {subprocess.py:93} INFO - 
[2026-01-31T01:08:19.987+0000] {subprocess.py:93} INFO - [5 rows x 11 columns]
[2026-01-31T01:08:19.987+0000] {subprocess.py:93} INFO - 
[2026-01-31T01:08:19.987+0000] {subprocess.py:93} INFO - === PREPARE REPORT ===
[2026-01-31T01:08:19.988+0000] {subprocess.py:93} INFO - Filas eliminadas por qty inválido: 10
[2026-01-31T01:08:19.988+0000] {subprocess.py:93} INFO - fact_sales: (7700, 11)
[2026-01-31T01:08:19.988+0000] {subprocess.py:93} INFO - 
[2026-01-31T01:08:19.988+0000] {subprocess.py:93} INFO - Nulos finales en fact_sales:
[2026-01-31T01:08:19.989+0000] {subprocess.py:93} INFO - fact_id          0
[2026-01-31T01:08:19.989+0000] {subprocess.py:93} INFO - date_key         0
[2026-01-31T01:08:19.989+0000] {subprocess.py:93} INFO - product_key      0
[2026-01-31T01:08:19.989+0000] {subprocess.py:93} INFO - customer_key     0
[2026-01-31T01:08:19.990+0000] {subprocess.py:93} INFO - category_key     0
[2026-01-31T01:08:19.990+0000] {subprocess.py:93} INFO - channel_key      0
[2026-01-31T01:08:19.990+0000] {subprocess.py:93} INFO - inv              0
[2026-01-31T01:08:19.990+0000] {subprocess.py:93} INFO - qty              0
[2026-01-31T01:08:19.991+0000] {subprocess.py:93} INFO - sales_amount     0
[2026-01-31T01:08:19.991+0000] {subprocess.py:93} INFO - cost_amount      0
[2026-01-31T01:08:19.991+0000] {subprocess.py:93} INFO - margin_amount    0
[2026-01-31T01:08:19.991+0000] {subprocess.py:93} INFO - dtype: int64
[2026-01-31T01:08:19.991+0000] {subprocess.py:93} INFO - 
[2026-01-31T01:08:19.992+0000] {subprocess.py:93} INFO - Conectado a PostgreSQL ✅
[2026-01-31T01:08:19.992+0000] {subprocess.py:93} INFO - DB: analisis_etl_dw | host: dw-postgres:5432 | user: postgres
[2026-01-31T01:08:19.992+0000] {subprocess.py:93} INFO - Traceback (most recent call last):
[2026-01-31T01:08:19.992+0000] {subprocess.py:93} INFO -   File "/home/***/.local/lib/python3.12/site-packages/sqlalchemy/engine/base.py", line 1910, in _execute_context
[2026-01-31T01:08:19.993+0000] {subprocess.py:93} INFO -     self.dialect.do_execute(
[2026-01-31T01:08:19.993+0000] {subprocess.py:93} INFO -   File "/home/***/.local/lib/python3.12/site-packages/sqlalchemy/engine/default.py", line 736, in do_execute
[2026-01-31T01:08:19.993+0000] {subprocess.py:93} INFO -     cursor.execute(statement, parameters)
[2026-01-31T01:08:19.994+0000] {subprocess.py:93} INFO - psycopg2.errors.UndefinedTable: relation "fact_sales" does not exist
[2026-01-31T01:08:19.994+0000] {subprocess.py:93} INFO - 
[2026-01-31T01:08:19.994+0000] {subprocess.py:93} INFO - 
[2026-01-31T01:08:19.995+0000] {subprocess.py:93} INFO - The above exception was the direct cause of the following exception:
[2026-01-31T01:08:19.995+0000] {subprocess.py:93} INFO - 
[2026-01-31T01:08:19.995+0000] {subprocess.py:93} INFO - Traceback (most recent call last):
[2026-01-31T01:08:19.995+0000] {subprocess.py:93} INFO -   File "/opt/***/src/load.py", line 69, in <module>
[2026-01-31T01:08:19.996+0000] {subprocess.py:93} INFO -     load()
[2026-01-31T01:08:19.996+0000] {subprocess.py:93} INFO -   File "/opt/***/src/load.py", line 38, in load
[2026-01-31T01:08:19.996+0000] {subprocess.py:93} INFO -     conn.execute(text("""
[2026-01-31T01:08:19.996+0000] {subprocess.py:93} INFO -   File "/home/***/.local/lib/python3.12/site-packages/sqlalchemy/engine/base.py", line 1385, in execute
[2026-01-31T01:08:19.997+0000] {subprocess.py:93} INFO -     return meth(self, multiparams, params, _EMPTY_EXECUTION_OPTS)
[2026-01-31T01:08:19.997+0000] {subprocess.py:93} INFO -            ^^^^^^^^^^^^^^^^^^^^^^^^^^^^^^^^^^^^^^^^^^^^^^^^^^^^^^
[2026-01-31T01:08:19.997+0000] {subprocess.py:93} INFO -   File "/home/***/.local/lib/python3.12/site-packages/sqlalchemy/sql/elements.py", line 334, in _execute_on_connection
[2026-01-31T01:08:19.997+0000] {subprocess.py:93} INFO -     return connection._execute_clauseelement(
[2026-01-31T01:08:19.998+0000] {subprocess.py:93} INFO -            ^^^^^^^^^^^^^^^^^^^^^^^^^^^^^^^^^^
[2026-01-31T01:08:19.998+0000] {subprocess.py:93} INFO -   File "/home/***/.local/lib/python3.12/site-packages/sqlalchemy/engine/base.py", line 1577, in _execute_clauseelement
[2026-01-31T01:08:19.998+0000] {subprocess.py:93} INFO -     ret = self._execute_context(
[2026-01-31T01:08:19.998+0000] {subprocess.py:93} INFO -           ^^^^^^^^^^^^^^^^^^^^^^
[2026-01-31T01:08:19.999+0000] {subprocess.py:93} INFO -   File "/home/***/.local/lib/python3.12/site-packages/sqlalchemy/engine/base.py", line 1953, in _execute_context
[2026-01-31T01:08:19.999+0000] {subprocess.py:93} INFO -     self._handle_dbapi_exception(
[2026-01-31T01:08:19.999+0000] {subprocess.py:93} INFO -   File "/home/***/.local/lib/python3.12/site-packages/sqlalchemy/engine/base.py", line 2134, in _handle_dbapi_exception
[2026-01-31T01:08:20.000+0000] {subprocess.py:93} INFO -     util.raise_(
[2026-01-31T01:08:20.000+0000] {subprocess.py:93} INFO -   File "/home/***/.local/lib/python3.12/site-packages/sqlalchemy/util/compat.py", line 211, in raise_
[2026-01-31T01:08:20.000+0000] {subprocess.py:93} INFO -     raise exception
[2026-01-31T01:08:20.000+0000] {subprocess.py:93} INFO -   File "/home/***/.local/lib/python3.12/site-packages/sqlalchemy/engine/base.py", line 1910, in _execute_context
[2026-01-31T01:08:20.000+0000] {subprocess.py:93} INFO -     self.dialect.do_execute(
[2026-01-31T01:08:20.001+0000] {subprocess.py:93} INFO -   File "/home/***/.local/lib/python3.12/site-packages/sqlalchemy/engine/default.py", line 736, in do_execute
[2026-01-31T01:08:20.001+0000] {subprocess.py:93} INFO -     cursor.execute(statement, parameters)
[2026-01-31T01:08:20.001+0000] {subprocess.py:93} INFO - sqlalchemy.exc.ProgrammingError: (psycopg2.errors.UndefinedTable) relation "fact_sales" does not exist
[2026-01-31T01:08:20.001+0000] {subprocess.py:93} INFO - 
[2026-01-31T01:08:20.002+0000] {subprocess.py:93} INFO - [SQL:
[2026-01-31T01:08:20.002+0000] {subprocess.py:93} INFO -             TRUNCATE TABLE
[2026-01-31T01:08:20.002+0000] {subprocess.py:93} INFO -                 fact_sales,
[2026-01-31T01:08:20.002+0000] {subprocess.py:93} INFO -                 dim_date,
[2026-01-31T01:08:20.003+0000] {subprocess.py:93} INFO -                 dim_product,
[2026-01-31T01:08:20.003+0000] {subprocess.py:93} INFO -                 dim_customer,
[2026-01-31T01:08:20.003+0000] {subprocess.py:93} INFO -                 dim_category,
[2026-01-31T01:08:20.003+0000] {subprocess.py:93} INFO -                 dim_channel
[2026-01-31T01:08:20.004+0000] {subprocess.py:93} INFO -             RESTART IDENTITY CASCADE;
[2026-01-31T01:08:20.004+0000] {subprocess.py:93} INFO -         ]
[2026-01-31T01:08:20.004+0000] {subprocess.py:93} INFO - (Background on this error at: https://sqlalche.me/e/14/f405)
[2026-01-31T01:08:20.056+0000] {subprocess.py:97} INFO - Command exited with return code 1
[2026-01-31T01:08:20.057+0000] {taskinstance.py:441} INFO - ::group::Post task execution logs
[2026-01-31T01:08:20.066+0000] {taskinstance.py:2905} ERROR - Task failed with exception
Traceback (most recent call last):
  File "/home/airflow/.local/lib/python3.12/site-packages/airflow/models/taskinstance.py", line 465, in _execute_task
    result = _execute_callable(context=context, **execute_callable_kwargs)
             ^^^^^^^^^^^^^^^^^^^^^^^^^^^^^^^^^^^^^^^^^^^^^^^^^^^^^^^^^^^^^
  File "/home/airflow/.local/lib/python3.12/site-packages/airflow/models/taskinstance.py", line 432, in _execute_callable
    return execute_callable(context=context, **execute_callable_kwargs)
           ^^^^^^^^^^^^^^^^^^^^^^^^^^^^^^^^^^^^^^^^^^^^^^^^^^^^^^^^^^^^
  File "/home/airflow/.local/lib/python3.12/site-packages/airflow/models/baseoperator.py", line 401, in wrapper
    return func(self, *args, **kwargs)
           ^^^^^^^^^^^^^^^^^^^^^^^^^^^
  File "/home/airflow/.local/lib/python3.12/site-packages/airflow/operators/bash.py", line 243, in execute
    raise AirflowException(
airflow.exceptions.AirflowException: Bash command failed. The command returned a non-zero exit code 1.
[2026-01-31T01:08:20.069+0000] {taskinstance.py:1206} INFO - Marking task as FAILED. dag_id=etl_dw_dag, task_id=load, run_id=manual__2026-01-31T01:08:09.941685+00:00, execution_date=20260131T010809, start_date=20260131T010819, end_date=20260131T010820
[2026-01-31T01:08:20.085+0000] {standard_task_runner.py:110} ERROR - Failed to execute job 6 for task load (Bash command failed. The command returned a non-zero exit code 1.; 278)
[2026-01-31T01:08:20.124+0000] {local_task_job_runner.py:243} INFO - Task exited with return code 1
[2026-01-31T01:08:20.142+0000] {taskinstance.py:3503} INFO - 0 downstream tasks scheduled from follow-on schedule check
[2026-01-31T01:08:20.154+0000] {local_task_job_runner.py:222} INFO - ::endgroup::
